2014/05/14 19:30:17 にビルドを開始しました。
     1>ノード 2 上のプロジェクト "C:\Users\fumio\Desktop\プログラム類\重要単語抽出プログラム（映画用）\project.vcxproj" (build ターゲット)。
     1>InitializeBuildStatus:
         "AlwaysCreate" が指定されたため ".\Debug\project.unsuccessfulbuild" を作成しています。
       ClCompile:
         c:\Program Files (x86)\Microsoft Visual Studio 10.0\VC\bin\CL.exe /c /ZI /nologo /W3 /WX- /Od /Oy- /D WIN32 /D _DEBUG /D _CONSOLE /D _VC80_UPGRADE=0x0600 /D _MBCS /Gm /EHsc /RTC1 /MTd /GS /Gy- /fp:precise /Zc:wchar_t /Zc:forScope /Fo".\Debug\\" /Fd".\Debug\vc100.pdb" /Gd /TP /analyze- /errorReport:prompt project.cpp
         project.cpp
     1>c:\users\fumio\desktop\プログラム類\重要単語抽出プログラム（映画用）\project.cpp(43): warning C4996: 'fopen': This function or variable may be unsafe. Consider using fopen_s instead. To disable deprecation, use _CRT_SECURE_NO_WARNINGS. See online help for details.
                 c:\program files (x86)\microsoft visual studio 10.0\vc\include\stdio.h(234) : 'fopen' の宣言を確認してください。
     1>c:\users\fumio\desktop\プログラム類\重要単語抽出プログラム（映画用）\project.cpp(49): warning C4996: 'strtok': This function or variable may be unsafe. Consider using strtok_s instead. To disable deprecation, use _CRT_SECURE_NO_WARNINGS. See online help for details.
                 c:\program files (x86)\microsoft visual studio 10.0\vc\include\string.h(197) : 'strtok' の宣言を確認してください。
     1>c:\users\fumio\desktop\プログラム類\重要単語抽出プログラム（映画用）\project.cpp(50): warning C4996: 'strdup': The POSIX name for this item is deprecated. Instead, use the ISO C++ conformant name: _strdup. See online help for details.
                 c:\program files (x86)\microsoft visual studio 10.0\vc\include\string.h(238) : 'strdup' の宣言を確認してください。
     1>c:\users\fumio\desktop\プログラム類\重要単語抽出プログラム（映画用）\project.cpp(32): warning C4101: 'j' : ローカル変数は 1 度も使われていません。
     1>c:\users\fumio\desktop\プログラム類\重要単語抽出プログラム（映画用）\project.cpp(99): warning C4996: 'strtok': This function or variable may be unsafe. Consider using strtok_s instead. To disable deprecation, use _CRT_SECURE_NO_WARNINGS. See online help for details.
                 c:\program files (x86)\microsoft visual studio 10.0\vc\include\string.h(197) : 'strtok' の宣言を確認してください。
     1>c:\users\fumio\desktop\プログラム類\重要単語抽出プログラム（映画用）\project.cpp(104): warning C4996: 'sscanf': This function or variable may be unsafe. Consider using sscanf_s instead. To disable deprecation, use _CRT_SECURE_NO_WARNINGS. See online help for details.
                 c:\program files (x86)\microsoft visual studio 10.0\vc\include\stdio.h(325) : 'sscanf' の宣言を確認してください。
     1>c:\users\fumio\desktop\プログラム類\重要単語抽出プログラム（映画用）\project.cpp(105): warning C4996: 'strdup': The POSIX name for this item is deprecated. Instead, use the ISO C++ conformant name: _strdup. See online help for details.
                 c:\program files (x86)\microsoft visual studio 10.0\vc\include\string.h(238) : 'strdup' の宣言を確認してください。
     1>c:\users\fumio\desktop\プログラム類\重要単語抽出プログラム（映画用）\project.cpp(109): warning C4996: 'strtok': This function or variable may be unsafe. Consider using strtok_s instead. To disable deprecation, use _CRT_SECURE_NO_WARNINGS. See online help for details.
                 c:\program files (x86)\microsoft visual studio 10.0\vc\include\string.h(197) : 'strtok' の宣言を確認してください。
     1>c:\users\fumio\desktop\プログラム類\重要単語抽出プログラム（映画用）\project.cpp(152): warning C4996: 'strdup': The POSIX name for this item is deprecated. Instead, use the ISO C++ conformant name: _strdup. See online help for details.
                 c:\program files (x86)\microsoft visual studio 10.0\vc\include\string.h(238) : 'strdup' の宣言を確認してください。
     1>c:\users\fumio\desktop\プログラム類\重要単語抽出プログラム（映画用）\project.cpp(73): warning C4101: 's' : ローカル変数は 1 度も使われていません。
     1>c:\users\fumio\desktop\プログラム類\重要単語抽出プログラム（映画用）\project.cpp(73): warning C4101: 't' : ローカル変数は 1 度も使われていません。
     1>c:\users\fumio\desktop\プログラム類\重要単語抽出プログラム（映画用）\project.cpp(216): warning C4996: 'fopen': This function or variable may be unsafe. Consider using fopen_s instead. To disable deprecation, use _CRT_SECURE_NO_WARNINGS. See online help for details.
                 c:\program files (x86)\microsoft visual studio 10.0\vc\include\stdio.h(234) : 'fopen' の宣言を確認してください。
     1>c:\users\fumio\desktop\プログラム類\重要単語抽出プログラム（映画用）\project.cpp(221): warning C4996: 'strtok': This function or variable may be unsafe. Consider using strtok_s instead. To disable deprecation, use _CRT_SECURE_NO_WARNINGS. See online help for details.
                 c:\program files (x86)\microsoft visual studio 10.0\vc\include\string.h(197) : 'strtok' の宣言を確認してください。
     1>c:\users\fumio\desktop\プログラム類\重要単語抽出プログラム（映画用）\project.cpp(222): warning C4996: 'sscanf': This function or variable may be unsafe. Consider using sscanf_s instead. To disable deprecation, use _CRT_SECURE_NO_WARNINGS. See online help for details.
                 c:\program files (x86)\microsoft visual studio 10.0\vc\include\stdio.h(325) : 'sscanf' の宣言を確認してください。
     1>c:\users\fumio\desktop\プログラム類\重要単語抽出プログラム（映画用）\project.cpp(223): warning C4996: 'strdup': The POSIX name for this item is deprecated. Instead, use the ISO C++ conformant name: _strdup. See online help for details.
                 c:\program files (x86)\microsoft visual studio 10.0\vc\include\string.h(238) : 'strdup' の宣言を確認してください。
     1>c:\users\fumio\desktop\プログラム類\重要単語抽出プログラム（映画用）\project.cpp(224): warning C4996: 'strtok': This function or variable may be unsafe. Consider using strtok_s instead. To disable deprecation, use _CRT_SECURE_NO_WARNINGS. See online help for details.
                 c:\program files (x86)\microsoft visual studio 10.0\vc\include\string.h(197) : 'strtok' の宣言を確認してください。
     1>c:\users\fumio\desktop\プログラム類\重要単語抽出プログラム（映画用）\project.cpp(225): warning C4996: 'sscanf': This function or variable may be unsafe. Consider using sscanf_s instead. To disable deprecation, use _CRT_SECURE_NO_WARNINGS. See online help for details.
                 c:\program files (x86)\microsoft visual studio 10.0\vc\include\stdio.h(325) : 'sscanf' の宣言を確認してください。
     1>c:\users\fumio\desktop\プログラム類\重要単語抽出プログラム（映画用）\project.cpp(187): warning C4101: 't' : ローカル変数は 1 度も使われていません。
       ManifestResourceCompile:
         C:\Program Files (x86)\Microsoft SDKs\Windows\v7.0A\bin\rc.exe /nologo /fo".\Debug\project.exe.embed.manifest.res" .\Debug\project_manifest.rc 
       Link:
         c:\Program Files (x86)\Microsoft Visual Studio 10.0\VC\bin\link.exe /ERRORREPORT:PROMPT /OUT:".\Debug\project.exe" /INCREMENTAL /NOLOGO libchasen.lib odbc32.lib odbccp32.lib kernel32.lib user32.lib gdi32.lib winspool.lib comdlg32.lib advapi32.lib shell32.lib ole32.lib oleaut32.lib uuid.lib odbc32.lib odbccp32.lib /MANIFEST /ManifestFile:".\Debug\project.exe.intermediate.manifest" /MANIFESTUAC:"level='asInvoker' uiAccess='false'" /DEBUG /PDB:"C:\Users\fumio\Desktop\プログラム類\重要単語抽出プログラム（映画用）\Debug\project.pdb" /SUBSYSTEM:CONSOLE /STACK:"10000000","10000000" /TLBID:1 /DYNAMICBASE /NXCOMPAT /IMPLIB:".\Debug\project.lib" /MACHINE:X86 .\Debug\project.exe.embed.manifest.res
         .\Debug\project.obj
         LINK : プログラム データベース C:\Users\fumio\Desktop\プログラム類\重要単語抽出プログラム（映画用）\Debug\project.pdb が指定されていません。フル リンクを行います。
       Manifest:
         C:\Program Files (x86)\Microsoft SDKs\Windows\v7.0A\bin\mt.exe /nologo /verbose /out:".\Debug\project.exe.embed.manifest" /manifest .\Debug\project.exe.intermediate.manifest
         すべての出力が最新のものです。
       LinkEmbedManifest:
         すべての出力が最新のものです。
         project.vcxproj -> C:\Users\fumio\Desktop\プログラム類\重要単語抽出プログラム（映画用）\.\Debug\project.exe
       FinalizeBuildStatus:
         ファイル ".\Debug\project.unsuccessfulbuild" を削除しています。
         ".\Debug\project.lastbuildstate" のタッチ タスクを実行しています。
     1>プロジェクト "C:\Users\fumio\Desktop\プログラム類\重要単語抽出プログラム（映画用）\project.vcxproj" (build ターゲット) のビルドが完了しました。

ビルドに成功しました。

経過時間 00:00:03.82
